<?xml version = "1.0" encoding = "UTF-8"?>
<!DOCTYPE suite SYSTEM "http://testng.org/testng-1.0.dtd" >

<suite name="suite1">
	<test name="MyClass1Test">
		<classes>
			<class name="com.patrick.testng.MyClass1Test" />
		</classes>
	</test>
	<test name="MyClass2Test">
		<classes>
			<class name="com.patrick.testng.MyClass2Test" />
		</classes>
	</test>
</suite> 