<?xml version = "1.0" encoding = "UTF-8"?>
<!DOCTYPE suite SYSTEM "http://testng.org/testng-1.0.dtd" >

<suite name="suite2">
	<test name="MyClass3Test">
		<classes>
			<class name="com.patrick.test.MyClass3Test" />
		</classes>
	</test>
</suite> 